This file contains any messages produced by compilers while
running configure, to aid debugging if configure makes a mistake.

It was created by vk-messages configure 0.1.3, which was
generated by GNU Autoconf 2.68.  Invocation command line was

  $ ./configure CC=/usr/bin/gcc CXX=/usr/bin/g++ CFLAGS=-g3 -gdwarf-2 CXXFLAGS=-g3 -gdwarf-2 --no-create --no-recursion

## --------- ##
## Platform. ##
## --------- ##

hostname = mazaluma-MS-7693
uname -m = x86_64
uname -r = 3.2.0-77-generic
uname -s = Linux
uname -v = #114-Ubuntu SMP Tue Mar 10 17:26:03 UTC 2015

/usr/bin/uname -p = unknown
/bin/uname -X     = unknown

/bin/arch              = unknown
/usr/bin/arch -k       = unknown
/usr/convex/getsysinfo = unknown
/usr/bin/hostinfo      = unknown
/bin/machine           = unknown
/usr/bin/oslevel       = unknown
/bin/universe          = unknown

PATH: /usr/bin
PATH: /usr/lib/lightdm/lightdm
PATH: /usr/local/sbin
PATH: /usr/local/bin
PATH: /usr/sbin
PATH: /usr/bin
PATH: /sbin
PATH: /bin
PATH: /usr/games


## ----------- ##
## Core tests. ##
## ----------- ##

configure:1911: checking for a BSD-compatible install
configure:1979: result: /usr/bin/install -c
configure:1990: checking whether build environment is sane
configure:2040: result: yes
configure:2181: checking for a thread-safe mkdir -p
configure:2220: result: /bin/mkdir -p
configure:2233: checking for gawk
configure:2263: result: no
configure:2233: checking for mawk
configure:2249: found /usr/bin/mawk
configure:2260: result: mawk
configure:2271: checking whether make sets $(MAKE)
configure:2293: result: yes
configure:2385: checking for style of include used by make
configure:2413: result: GNU
configure:2484: checking for gcc
configure:2511: result: /usr/bin/gcc
configure:2740: checking for C compiler version
configure:2749: /usr/bin/gcc --version >&5
gcc (Ubuntu/Linaro 4.6.3-1ubuntu5) 4.6.3
Copyright (C) 2011 Free Software Foundation, Inc.
This is free software; see the source for copying conditions.  There is NO
warranty; not even for MERCHANTABILITY or FITNESS FOR A PARTICULAR PURPOSE.

configure:2760: $? = 0
configure:2749: /usr/bin/gcc -v >&5
Using built-in specs.
COLLECT_GCC=/usr/bin/gcc
COLLECT_LTO_WRAPPER=/usr/lib/gcc/x86_64-linux-gnu/4.6/lto-wrapper
Target: x86_64-linux-gnu
Configured with: ../src/configure -v --with-pkgversion='Ubuntu/Linaro 4.6.3-1ubuntu5' --with-bugurl=file:///usr/share/doc/gcc-4.6/README.Bugs --enable-languages=c,c++,fortran,objc,obj-c++ --prefix=/usr --program-suffix=-4.6 --enable-shared --enable-linker-build-id --with-system-zlib --libexecdir=/usr/lib --without-included-gettext --enable-threads=posix --with-gxx-include-dir=/usr/include/c++/4.6 --libdir=/usr/lib --enable-nls --with-sysroot=/ --enable-clocale=gnu --enable-libstdcxx-debug --enable-libstdcxx-time=yes --enable-gnu-unique-object --enable-plugin --enable-objc-gc --disable-werror --with-arch-32=i686 --with-tune=generic --enable-checking=release --build=x86_64-linux-gnu --host=x86_64-linux-gnu --target=x86_64-linux-gnu
Thread model: posix
gcc version 4.6.3 (Ubuntu/Linaro 4.6.3-1ubuntu5) 
configure:2760: $? = 0
configure:2749: /usr/bin/gcc -V >&5
gcc: error: unrecognized option '-V'
gcc: fatal error: no input files
compilation terminated.
configure:2760: $? = 4
configure:2749: /usr/bin/gcc -qversion >&5
gcc: error: unrecognized option '-qversion'
gcc: fatal error: no input files
compilation terminated.
configure:2760: $? = 4
configure:2780: checking whether the C compiler works
configure:2802: /usr/bin/gcc -g3 -gdwarf-2   conftest.c  >&5
configure:2806: $? = 0
configure:2854: result: yes
configure:2857: checking for C compiler default output file name
configure:2859: result: a.out
configure:2865: checking for suffix of executables
configure:2872: /usr/bin/gcc -o conftest -g3 -gdwarf-2   conftest.c  >&5
configure:2876: $? = 0
configure:2898: result: 
configure:2920: checking whether we are cross compiling
configure:2928: /usr/bin/gcc -o conftest -g3 -gdwarf-2   conftest.c  >&5
configure:2932: $? = 0
configure:2939: ./conftest
configure:2943: $? = 0
configure:2958: result: no
configure:2963: checking for suffix of object files
configure:2985: /usr/bin/gcc -c -g3 -gdwarf-2  conftest.c >&5
configure:2989: $? = 0
configure:3010: result: o
configure:3014: checking whether we are using the GNU C compiler
configure:3033: /usr/bin/gcc -c -g3 -gdwarf-2  conftest.c >&5
configure:3033: $? = 0
configure:3042: result: yes
configure:3051: checking whether /usr/bin/gcc accepts -g
configure:3071: /usr/bin/gcc -c -g  conftest.c >&5
configure:3071: $? = 0
configure:3112: result: yes
configure:3129: checking for /usr/bin/gcc option to accept ISO C89
configure:3193: /usr/bin/gcc  -c -g3 -gdwarf-2  conftest.c >&5
configure:3193: $? = 0
configure:3206: result: none needed
configure:3228: checking dependency style of /usr/bin/gcc
configure:3339: result: gcc3
configure:3359: checking how to run the C preprocessor
configure:3390: /usr/bin/gcc -E  conftest.c
configure:3390: $? = 0
configure:3404: /usr/bin/gcc -E  conftest.c
conftest.c:11:28: fatal error: ac_nonexistent.h: No such file or directory
compilation terminated.
configure:3404: $? = 1
configure: failed program was:
| /* confdefs.h */
| #define PACKAGE_NAME "vk-messages"
| #define PACKAGE_TARNAME "vk-messages"
| #define PACKAGE_VERSION "0.1.3"
| #define PACKAGE_STRING "vk-messages 0.1.3"
| #define PACKAGE_BUGREPORT ""
| #define PACKAGE_URL ""
| #define PACKAGE "vk-messages"
| #define VERSION "0.1.3"
| /* end confdefs.h.  */
| #include <ac_nonexistent.h>
configure:3429: result: /usr/bin/gcc -E
configure:3449: /usr/bin/gcc -E  conftest.c
configure:3449: $? = 0
configure:3463: /usr/bin/gcc -E  conftest.c
conftest.c:11:28: fatal error: ac_nonexistent.h: No such file or directory
compilation terminated.
configure:3463: $? = 1
configure: failed program was:
| /* confdefs.h */
| #define PACKAGE_NAME "vk-messages"
| #define PACKAGE_TARNAME "vk-messages"
| #define PACKAGE_VERSION "0.1.3"
| #define PACKAGE_STRING "vk-messages 0.1.3"
| #define PACKAGE_BUGREPORT ""
| #define PACKAGE_URL ""
| #define PACKAGE "vk-messages"
| #define VERSION "0.1.3"
| /* end confdefs.h.  */
| #include <ac_nonexistent.h>
configure:3603: checking for C++ compiler version
configure:3612: /usr/bin/g++ --version >&5
g++ (Ubuntu/Linaro 4.6.3-1ubuntu5) 4.6.3
Copyright (C) 2011 Free Software Foundation, Inc.
This is free software; see the source for copying conditions.  There is NO
warranty; not even for MERCHANTABILITY or FITNESS FOR A PARTICULAR PURPOSE.

configure:3623: $? = 0
configure:3612: /usr/bin/g++ -v >&5
Using built-in specs.
COLLECT_GCC=/usr/bin/g++
COLLECT_LTO_WRAPPER=/usr/lib/gcc/x86_64-linux-gnu/4.6/lto-wrapper
Target: x86_64-linux-gnu
Configured with: ../src/configure -v --with-pkgversion='Ubuntu/Linaro 4.6.3-1ubuntu5' --with-bugurl=file:///usr/share/doc/gcc-4.6/README.Bugs --enable-languages=c,c++,fortran,objc,obj-c++ --prefix=/usr --program-suffix=-4.6 --enable-shared --enable-linker-build-id --with-system-zlib --libexecdir=/usr/lib --without-included-gettext --enable-threads=posix --with-gxx-include-dir=/usr/include/c++/4.6 --libdir=/usr/lib --enable-nls --with-sysroot=/ --enable-clocale=gnu --enable-libstdcxx-debug --enable-libstdcxx-time=yes --enable-gnu-unique-object --enable-plugin --enable-objc-gc --disable-werror --with-arch-32=i686 --with-tune=generic --enable-checking=release --build=x86_64-linux-gnu --host=x86_64-linux-gnu --target=x86_64-linux-gnu
Thread model: posix
gcc version 4.6.3 (Ubuntu/Linaro 4.6.3-1ubuntu5) 
configure:3623: $? = 0
configure:3612: /usr/bin/g++ -V >&5
g++: error: unrecognized option '-V'
g++: fatal error: no input files
compilation terminated.
configure:3623: $? = 4
configure:3612: /usr/bin/g++ -qversion >&5
g++: error: unrecognized option '-qversion'
g++: fatal error: no input files
compilation terminated.
configure:3623: $? = 4
configure:3627: checking whether we are using the GNU C++ compiler
configure:3646: /usr/bin/g++ -c -g3 -gdwarf-2  conftest.cpp >&5
configure:3646: $? = 0
configure:3655: result: yes
configure:3664: checking whether /usr/bin/g++ accepts -g
configure:3684: /usr/bin/g++ -c -g  conftest.cpp >&5
configure:3684: $? = 0
configure:3725: result: yes
configure:3750: checking dependency style of /usr/bin/g++
configure:3861: result: gcc3
configure:3930: checking for pkg-config
configure:3948: found /usr/bin/pkg-config
configure:3960: result: /usr/bin/pkg-config
configure:3985: checking pkg-config is at least version 0.9.0
configure:3988: result: yes
configure:3998: checking for vk_messages
configure:4005: $PKG_CONFIG --exists --print-errors "gtkmm-3.0 glib-2.0 libcurl appindicator3-0.1 webkitgtk-3.0 libnotify"
configure:4008: $? = 0
configure:4022: $PKG_CONFIG --exists --print-errors "gtkmm-3.0 glib-2.0 libcurl appindicator3-0.1 webkitgtk-3.0 libnotify"
configure:4025: $? = 0
configure:4083: result: yes
configure:4224: creating ./config.status

## ---------------- ##
## Cache variables. ##
## ---------------- ##

ac_cv_c_compiler_gnu=yes
ac_cv_cxx_compiler_gnu=yes
ac_cv_env_CCC_set=
ac_cv_env_CCC_value=
ac_cv_env_CC_set=set
ac_cv_env_CC_value=/usr/bin/gcc
ac_cv_env_CFLAGS_set=set
ac_cv_env_CFLAGS_value='-g3 -gdwarf-2'
ac_cv_env_CPPFLAGS_set=
ac_cv_env_CPPFLAGS_value=
ac_cv_env_CPP_set=
ac_cv_env_CPP_value=
ac_cv_env_CXXFLAGS_set=set
ac_cv_env_CXXFLAGS_value='-g3 -gdwarf-2'
ac_cv_env_CXX_set=set
ac_cv_env_CXX_value=/usr/bin/g++
ac_cv_env_LDFLAGS_set=
ac_cv_env_LDFLAGS_value=
ac_cv_env_LIBS_set=
ac_cv_env_LIBS_value=
ac_cv_env_PKG_CONFIG_LIBDIR_set=
ac_cv_env_PKG_CONFIG_LIBDIR_value=
ac_cv_env_PKG_CONFIG_PATH_set=
ac_cv_env_PKG_CONFIG_PATH_value=
ac_cv_env_PKG_CONFIG_set=
ac_cv_env_PKG_CONFIG_value=
ac_cv_env_build_alias_set=
ac_cv_env_build_alias_value=
ac_cv_env_host_alias_set=
ac_cv_env_host_alias_value=
ac_cv_env_target_alias_set=
ac_cv_env_target_alias_value=
ac_cv_env_vk_messages_CFLAGS_set=
ac_cv_env_vk_messages_CFLAGS_value=
ac_cv_env_vk_messages_LIBS_set=
ac_cv_env_vk_messages_LIBS_value=
ac_cv_objext=o
ac_cv_path_ac_pt_PKG_CONFIG=/usr/bin/pkg-config
ac_cv_path_install='/usr/bin/install -c'
ac_cv_path_mkdir=/bin/mkdir
ac_cv_prog_AWK=mawk
ac_cv_prog_CPP='/usr/bin/gcc -E'
ac_cv_prog_ac_ct_CC=/usr/bin/gcc
ac_cv_prog_cc_c89=
ac_cv_prog_cc_g=yes
ac_cv_prog_cxx_g=yes
ac_cv_prog_make_make_set=yes
am_cv_CC_dependencies_compiler_type=gcc3
am_cv_CXX_dependencies_compiler_type=gcc3
pkg_cv_vk_messages_CFLAGS='-pthread -I/usr/include/atkmm-1.6 -I/usr/include/giomm-2.4 -I/usr/lib/x86_64-linux-gnu/giomm-2.4/include -I/usr/include/pangomm-1.4 -I/usr/lib/x86_64-linux-gnu/pangomm-1.4/include -I/usr/include/gtk-3.0 -I/usr/include/cairomm-1.0 -I/usr/lib/x86_64-linux-gnu/cairomm-1.0/include -I/usr/include/gdk-pixbuf-2.0 -I/usr/include/gtk-3.0/unix-print -I/usr/include/atk-1.0 -I/usr/include/glibmm-2.4 -I/usr/lib/x86_64-linux-gnu/glibmm-2.4/include -I/usr/include/glib-2.0 -I/usr/lib/x86_64-linux-gnu/glib-2.0/include -I/usr/include/sigc++-2.0 -I/usr/lib/x86_64-linux-gnu/sigc++-2.0/include -I/usr/include/pango-1.0 -I/usr/include/cairo -I/usr/include/pixman-1 -I/usr/include/freetype2 -I/usr/include/libpng12 -I/usr/include/gio-unix-2.0/ -I/usr/include/libdbusmenu-glib-0.4 -I/usr/include/libsoup-2.4 -I/usr/include/libxml2 -I/usr/include/gtkmm-3.0 -I/usr/lib/gtkmm-3.0/include -I/usr/include/gdkmm-3.0 -I/usr/lib/gdkmm-3.0/include -I/usr/include/libappindicator3-0.1 -I/usr/include/webkitgtk-3.0  '
pkg_cv_vk_messages_LIBS='-lgtkmm-3.0 -latkmm-1.6 -lgdkmm-3.0 -lgiomm-2.4 -lpangomm-1.4 -lglibmm-2.4 -lcairomm-1.0 -lsigc-2.0 -lcurl -lappindicator3 -ldbusmenu-glib -lwebkitgtk-3.0 -lgtk-3 -lsoup-2.4 -ljavascriptcoregtk-3.0 -lgdk-3 -latk-1.0 -lpangocairo-1.0 -lcairo-gobject -lpango-1.0 -lcairo -lnotify -lgdk_pixbuf-2.0 -lgio-2.0 -lgobject-2.0 -lglib-2.0  '

## ----------------- ##
## Output variables. ##
## ----------------- ##

ACLOCAL='${SHELL} /home/maza-luma/Yandex.Disk/Документы/VK_Messages_2/vk-messages/missing --run aclocal-1.11'
AMDEPBACKSLASH='\'
AMDEP_FALSE='#'
AMDEP_TRUE=''
AMTAR='$${TAR-tar}'
AUTOCONF='${SHELL} /home/maza-luma/Yandex.Disk/Документы/VK_Messages_2/vk-messages/missing --run autoconf'
AUTOHEADER='${SHELL} /home/maza-luma/Yandex.Disk/Документы/VK_Messages_2/vk-messages/missing --run autoheader'
AUTOMAKE='${SHELL} /home/maza-luma/Yandex.Disk/Документы/VK_Messages_2/vk-messages/missing --run automake-1.11'
AWK='mawk'
CC='/usr/bin/gcc'
CCDEPMODE='depmode=gcc3'
CFLAGS='-g3 -gdwarf-2'
CPP='/usr/bin/gcc -E'
CPPFLAGS=''
CXX='/usr/bin/g++'
CXXDEPMODE='depmode=gcc3'
CXXFLAGS='-g3 -gdwarf-2'
CYGPATH_W='echo'
DEFS='-DHAVE_CONFIG_H'
DEPDIR='.deps'
ECHO_C=''
ECHO_N='-n'
ECHO_T=''
EXEEXT=''
INSTALL_DATA='${INSTALL} -m 644'
INSTALL_PROGRAM='${INSTALL}'
INSTALL_SCRIPT='${INSTALL}'
INSTALL_STRIP_PROGRAM='$(install_sh) -c -s'
LDFLAGS=''
LIBOBJS=''
LIBS=''
LTLIBOBJS=''
MAKEINFO='${SHELL} /home/maza-luma/Yandex.Disk/Документы/VK_Messages_2/vk-messages/missing --run makeinfo'
MKDIR_P='/bin/mkdir -p'
OBJEXT='o'
PACKAGE='vk-messages'
PACKAGE_BUGREPORT=''
PACKAGE_NAME='vk-messages'
PACKAGE_STRING='vk-messages 0.1.3'
PACKAGE_TARNAME='vk-messages'
PACKAGE_URL=''
PACKAGE_VERSION='0.1.3'
PATH_SEPARATOR=':'
PKG_CONFIG='/usr/bin/pkg-config'
PKG_CONFIG_LIBDIR=''
PKG_CONFIG_PATH=''
SET_MAKE=''
SHELL='/bin/bash'
STRIP=''
VERSION='0.1.3'
ac_ct_CC='/usr/bin/gcc'
ac_ct_CXX=''
am__EXEEXT_FALSE=''
am__EXEEXT_TRUE='#'
am__fastdepCC_FALSE='#'
am__fastdepCC_TRUE=''
am__fastdepCXX_FALSE='#'
am__fastdepCXX_TRUE=''
am__include='include'
am__isrc=''
am__leading_dot='.'
am__nodep='_no'
am__quote=''
am__tar='$${TAR-tar} chof - "$$tardir"'
am__untar='$${TAR-tar} xf -'
bindir='${exec_prefix}/bin'
build_alias=''
datadir='${datarootdir}'
datarootdir='${prefix}/share'
docdir='${datarootdir}/doc/${PACKAGE_TARNAME}'
dvidir='${docdir}'
exec_prefix='${prefix}'
host_alias=''
htmldir='${docdir}'
includedir='${prefix}/include'
infodir='${datarootdir}/info'
install_sh='${SHELL} /home/maza-luma/Yandex.Disk/Документы/VK_Messages_2/vk-messages/install-sh'
libdir='${exec_prefix}/lib'
libexecdir='${exec_prefix}/libexec'
localedir='${datarootdir}/locale'
localstatedir='${prefix}/var'
mandir='${datarootdir}/man'
mkdir_p='/bin/mkdir -p'
oldincludedir='/usr/include'
pdfdir='${docdir}'
prefix='/usr/local'
program_transform_name='s,x,x,'
psdir='${docdir}'
sbindir='${exec_prefix}/sbin'
sharedstatedir='${prefix}/com'
sysconfdir='${prefix}/etc'
target_alias=''
vk_messages_CFLAGS='-pthread -I/usr/include/atkmm-1.6 -I/usr/include/giomm-2.4 -I/usr/lib/x86_64-linux-gnu/giomm-2.4/include -I/usr/include/pangomm-1.4 -I/usr/lib/x86_64-linux-gnu/pangomm-1.4/include -I/usr/include/gtk-3.0 -I/usr/include/cairomm-1.0 -I/usr/lib/x86_64-linux-gnu/cairomm-1.0/include -I/usr/include/gdk-pixbuf-2.0 -I/usr/include/gtk-3.0/unix-print -I/usr/include/atk-1.0 -I/usr/include/glibmm-2.4 -I/usr/lib/x86_64-linux-gnu/glibmm-2.4/include -I/usr/include/glib-2.0 -I/usr/lib/x86_64-linux-gnu/glib-2.0/include -I/usr/include/sigc++-2.0 -I/usr/lib/x86_64-linux-gnu/sigc++-2.0/include -I/usr/include/pango-1.0 -I/usr/include/cairo -I/usr/include/pixman-1 -I/usr/include/freetype2 -I/usr/include/libpng12 -I/usr/include/gio-unix-2.0/ -I/usr/include/libdbusmenu-glib-0.4 -I/usr/include/libsoup-2.4 -I/usr/include/libxml2 -I/usr/include/gtkmm-3.0 -I/usr/lib/gtkmm-3.0/include -I/usr/include/gdkmm-3.0 -I/usr/lib/gdkmm-3.0/include -I/usr/include/libappindicator3-0.1 -I/usr/include/webkitgtk-3.0  '
vk_messages_LIBS='-lgtkmm-3.0 -latkmm-1.6 -lgdkmm-3.0 -lgiomm-2.4 -lpangomm-1.4 -lglibmm-2.4 -lcairomm-1.0 -lsigc-2.0 -lcurl -lappindicator3 -ldbusmenu-glib -lwebkitgtk-3.0 -lgtk-3 -lsoup-2.4 -ljavascriptcoregtk-3.0 -lgdk-3 -latk-1.0 -lpangocairo-1.0 -lcairo-gobject -lpango-1.0 -lcairo -lnotify -lgdk_pixbuf-2.0 -lgio-2.0 -lgobject-2.0 -lglib-2.0  '

## ----------- ##
## confdefs.h. ##
## ----------- ##

/* confdefs.h */
#define PACKAGE_NAME "vk-messages"
#define PACKAGE_TARNAME "vk-messages"
#define PACKAGE_VERSION "0.1.3"
#define PACKAGE_STRING "vk-messages 0.1.3"
#define PACKAGE_BUGREPORT ""
#define PACKAGE_URL ""
#define PACKAGE "vk-messages"
#define VERSION "0.1.3"

configure: exit 0

## ---------------------- ##
## Running config.status. ##
## ---------------------- ##

This file was extended by vk-messages config.status 0.1.3, which was
generated by GNU Autoconf 2.68.  Invocation command line was

  CONFIG_FILES    = 
  CONFIG_HEADERS  = 
  CONFIG_LINKS    = 
  CONFIG_COMMANDS = 
  $ ./config.status 

on mazaluma-MS-7693

config.status:868: creating Makefile
config.status:868: creating src/Makefile
config.status:868: creating src/config.h
config.status:1049: src/config.h is unchanged
config.status:1097: executing depfiles commands

## ---------------------- ##
## Running config.status. ##
## ---------------------- ##

This file was extended by vk-messages config.status 0.1.3, which was
generated by GNU Autoconf 2.68.  Invocation command line was

  CONFIG_FILES    = 
  CONFIG_HEADERS  = 
  CONFIG_LINKS    = 
  CONFIG_COMMANDS = 
  $ ./config.status src/config.h

on mazaluma-MS-7693

config.status:868: creating src/config.h
config.status:1049: src/config.h is unchanged
